<?xml version="1.0" encoding="UTF-8"?>
<testsuite xmlns:xsi="http://www.w3.org/2001/XMLSchema-instance" xsi:noNamespaceSchemaLocation="https://maven.apache.org/surefire/maven-surefire-plugin/xsd/surefire-test-report.xsd" name="Test" time="0.064" tests="2" errors="0" skipped="0" failures="0">
  <properties>
    <property name="sun.desktop" value="windows"/>
    <property name="awt.toolkit" value="sun.awt.windows.WToolkit"/>
    <property name="file.encoding.pkg" value="sun.io"/>
    <property name="java.specification.version" value="1.8"/>
    <property name="sun.cpu.isalist" value="amd64"/>
    <property name="sun.jnu.encoding" value="GBK"/>
    <property name="java.class.path" value="D:\IdeaWorkSpace\itrip\itripauth\target\test-classes;D:\IdeaWorkSpace\itrip\itripauth\target\classes;D:\javaTool\JarsRepository\junit\junit\4.11\junit-4.11.jar;D:\javaTool\JarsRepository\org\hamcrest\hamcrest-core\1.3\hamcrest-core-1.3.jar;D:\javaTool\JarsRepository\com\mtb\itripdao\1.0-SNAPSHOT\itripdao-1.0-SNAPSHOT.jar;D:\javaTool\JarsRepository\com\mtb\itriputils\1.0-SNAPSHOT\itriputils-1.0-SNAPSHOT.jar;D:\javaTool\JarsRepository\com\mtb\itripbeans\1.0-SNAPSHOT\itripbeans-1.0-SNAPSHOT.jar;D:\javaTool\JarsRepository\org\hibernate\hibernate-validator\5.2.4.Final\hibernate-validator-5.2.4.Final.jar;D:\javaTool\JarsRepository\javax\validation\validation-api\1.1.0.Final\validation-api-1.1.0.Final.jar;D:\javaTool\JarsRepository\org\jboss\logging\jboss-logging\3.2.1.Final\jboss-logging-3.2.1.Final.jar;D:\javaTool\JarsRepository\com\fasterxml\classmate\1.1.0\classmate-1.1.0.jar;D:\javaTool\JarsRepository\joda-time\joda-time\2.7\joda-time-2.7.jar;D:\javaTool\JarsRepository\jaxen\jaxen\1.1.6\jaxen-1.1.6.jar;D:\javaTool\JarsRepository\commons-io\commons-io\2.4\commons-io-2.4.jar;D:\javaTool\JarsRepository\commons-logging\commons-logging\1.2\commons-logging-1.2.jar;D:\javaTool\JarsRepository\com\alibaba\fastjson\1.2.54\fastjson-1.2.54.jar;D:\javaTool\JarsRepository\org\springframework\spring-context\4.1.7.RELEASE\spring-context-4.1.7.RELEASE.jar;D:\javaTool\JarsRepository\org\springframework\spring-aop\4.1.7.RELEASE\spring-aop-4.1.7.RELEASE.jar;D:\javaTool\JarsRepository\aopalliance\aopalliance\1.0\aopalliance-1.0.jar;D:\javaTool\JarsRepository\org\springframework\spring-context-support\4.1.7.RELEASE\spring-context-support-4.1.7.RELEASE.jar;D:\javaTool\JarsRepository\commons-dbcp\commons-dbcp\1.4\commons-dbcp-1.4.jar;D:\javaTool\JarsRepository\commons-pool\commons-pool\1.5.4\commons-pool-1.5.4.jar;D:\javaTool\JarsRepository\cglib\cglib\3.2.5\cglib-3.2.5.jar;D:\javaTool\JarsRepository\org\ow2\asm\asm\5.2\asm-5.2.jar;D:\javaTool\JarsRepository\org\apache\ant\ant\1.9.6\ant-1.9.6.jar;D:\javaTool\JarsRepository\org\apache\ant\ant-launcher\1.9.6\ant-launcher-1.9.6.jar;D:\javaTool\JarsRepository\org\aspectj\aspectjweaver\1.6.12\aspectjweaver-1.6.12.jar;D:\javaTool\JarsRepository\org\springframework\spring-oxm\4.1.7.RELEASE\spring-oxm-4.1.7.RELEASE.jar;D:\javaTool\JarsRepository\org\springframework\spring-tx\4.1.7.RELEASE\spring-tx-4.1.7.RELEASE.jar;D:\javaTool\JarsRepository\jstl\jstl\1.2\jstl-1.2.jar;D:\javaTool\JarsRepository\org\mybatis\mybatis-spring\1.2.0\mybatis-spring-1.2.0.jar;D:\javaTool\JarsRepository\org\slf4j\jcl-over-slf4j\1.7.12\jcl-over-slf4j-1.7.12.jar;D:\javaTool\JarsRepository\commons-codec\commons-codec\1.4\commons-codec-1.4.jar;D:\javaTool\JarsRepository\org\springframework\spring-orm\4.1.7.RELEASE\spring-orm-4.1.7.RELEASE.jar;D:\javaTool\JarsRepository\org\springframework\spring-jdbc\4.1.7.RELEASE\spring-jdbc-4.1.7.RELEASE.jar;D:\javaTool\JarsRepository\org\springframework\spring-jms\4.1.7.RELEASE\spring-jms-4.1.7.RELEASE.jar;D:\javaTool\JarsRepository\org\springframework\spring-messaging\4.1.7.RELEASE\spring-messaging-4.1.7.RELEASE.jar;D:\javaTool\JarsRepository\org\slf4j\slf4j-api\1.7.12\slf4j-api-1.7.12.jar;D:\javaTool\JarsRepository\org\springframework\spring-expression\4.1.7.RELEASE\spring-expression-4.1.7.RELEASE.jar;D:\javaTool\JarsRepository\org\springframework\spring-webmvc\4.1.7.RELEASE\spring-webmvc-4.1.7.RELEASE.jar;D:\javaTool\JarsRepository\org\springframework\spring-web\4.1.7.RELEASE\spring-web-4.1.7.RELEASE.jar;D:\javaTool\JarsRepository\org\springframework\spring-beans\4.1.7.RELEASE\spring-beans-4.1.7.RELEASE.jar;D:\javaTool\JarsRepository\mysql\mysql-connector-java\5.1.18\mysql-connector-java-5.1.18.jar;D:\javaTool\JarsRepository\org\slf4j\slf4j-log4j12\1.7.12\slf4j-log4j12-1.7.12.jar;D:\javaTool\JarsRepository\log4j\log4j\1.2.17\log4j-1.2.17.jar;D:\javaTool\JarsRepository\org\springframework\spring-core\4.1.7.RELEASE\spring-core-4.1.7.RELEASE.jar;D:\javaTool\JarsRepository\org\mybatis\mybatis\3.2.2\mybatis-3.2.2.jar;D:\javaTool\JarsRepository\redis\clients\jedis\2.9.0\jedis-2.9.0.jar;D:\javaTool\JarsRepository\org\apache\commons\commons-pool2\2.4.2\commons-pool2-2.4.2.jar;D:\javaTool\JarsRepository\com\google\guava\guava\19.0\guava-19.0.jar;D:\javaTool\JarsRepository\org\freemarker\freemarker\2.3.23\freemarker-2.3.23.jar;D:\javaTool\JarsRepository\org\mapstruct\mapstruct-jdk8\1.1.0.Final\mapstruct-jdk8-1.1.0.Final.jar;D:\javaTool\JarsRepository\com\fasterxml\jackson\core\jackson-core\2.8.7\jackson-core-2.8.7.jar;D:\javaTool\JarsRepository\cz\mallat\uasparser\uasparser\0.6.1\uasparser-0.6.1.jar;D:\javaTool\JarsRepository\net\sourceforge\jregex\jregex\1.2_01\jregex-1.2_01.jar;D:\javaTool\JarsRepository\com\fasterxml\jackson\core\jackson-databind\2.8.7\jackson-databind-2.8.7.jar;D:\javaTool\JarsRepository\com\fasterxml\jackson\core\jackson-annotations\2.8.7\jackson-annotations-2.8.7.jar;D:\javaTool\JarsRepository\com\cloopen\java-sms-sdk\1.0.3\java-sms-sdk-1.0.3.jar;D:\javaTool\JarsRepository\com\google\code\gson\gson\2.8.6\gson-2.8.6.jar;D:\javaTool\JarsRepository\dom4j\dom4j\1.6.1\dom4j-1.6.1.jar;D:\javaTool\JarsRepository\xml-apis\xml-apis\1.0.b2\xml-apis-1.0.b2.jar;D:\javaTool\JarsRepository\org\projectlombok\lombok\1.18.10\lombok-1.18.10.jar;D:\javaTool\JarsRepository\org\apache\httpcomponents\httpclient\4.5.10\httpclient-4.5.10.jar;D:\javaTool\JarsRepository\org\apache\httpcomponents\httpcore\4.4.12\httpcore-4.4.12.jar;D:\javaTool\JarsRepository\javax\activation\activation\1.1\activation-1.1.jar;D:\javaTool\JarsRepository\javax\mail\mail\1.4.5\mail-1.4.5.jar;D:\javaTool\JarsRepository\org\apache\commons\commons-email\1.5\commons-email-1.5.jar;D:\javaTool\JarsRepository\com\sun\mail\javax.mail\1.5.6\javax.mail-1.5.6.jar;D:\javaTool\JarsRepository\javax\servlet\servlet-api\2.5\servlet-api-2.5.jar;"/>
    <property name="java.vm.vendor" value="Oracle Corporation"/>
    <property name="sun.arch.data.model" value="64"/>
    <property name="user.variant" value=""/>
    <property name="java.vendor.url" value="http://java.oracle.com/"/>
    <property name="user.timezone" value="Asia/Shanghai"/>
    <property name="java.vm.specification.version" value="1.8"/>
    <property name="os.name" value="Windows 10"/>
    <property name="user.country" value="CN"/>
    <property name="sun.java.launcher" value="SUN_STANDARD"/>
    <property name="sun.boot.library.path" value="D:\javaTool\java8\jre\bin"/>
    <property name="sun.java.command" value="C:\Users\xmpc\AppData\Local\Temp\surefire1025819316002966422\surefirebooter3128042440535705119.jar C:\Users\xmpc\AppData\Local\Temp\surefire1025819316002966422 2021-01-25T22-32-18_558-jvmRun1 surefire1766793290641692360tmp surefire_0207229143310658528tmp"/>
    <property name="surefire.test.class.path" value="D:\IdeaWorkSpace\itrip\itripauth\target\test-classes;D:\IdeaWorkSpace\itrip\itripauth\target\classes;D:\javaTool\JarsRepository\junit\junit\4.11\junit-4.11.jar;D:\javaTool\JarsRepository\org\hamcrest\hamcrest-core\1.3\hamcrest-core-1.3.jar;D:\javaTool\JarsRepository\com\mtb\itripdao\1.0-SNAPSHOT\itripdao-1.0-SNAPSHOT.jar;D:\javaTool\JarsRepository\com\mtb\itriputils\1.0-SNAPSHOT\itriputils-1.0-SNAPSHOT.jar;D:\javaTool\JarsRepository\com\mtb\itripbeans\1.0-SNAPSHOT\itripbeans-1.0-SNAPSHOT.jar;D:\javaTool\JarsRepository\org\hibernate\hibernate-validator\5.2.4.Final\hibernate-validator-5.2.4.Final.jar;D:\javaTool\JarsRepository\javax\validation\validation-api\1.1.0.Final\validation-api-1.1.0.Final.jar;D:\javaTool\JarsRepository\org\jboss\logging\jboss-logging\3.2.1.Final\jboss-logging-3.2.1.Final.jar;D:\javaTool\JarsRepository\com\fasterxml\classmate\1.1.0\classmate-1.1.0.jar;D:\javaTool\JarsRepository\joda-time\joda-time\2.7\joda-time-2.7.jar;D:\javaTool\JarsRepository\jaxen\jaxen\1.1.6\jaxen-1.1.6.jar;D:\javaTool\JarsRepository\commons-io\commons-io\2.4\commons-io-2.4.jar;D:\javaTool\JarsRepository\commons-logging\commons-logging\1.2\commons-logging-1.2.jar;D:\javaTool\JarsRepository\com\alibaba\fastjson\1.2.54\fastjson-1.2.54.jar;D:\javaTool\JarsRepository\org\springframework\spring-context\4.1.7.RELEASE\spring-context-4.1.7.RELEASE.jar;D:\javaTool\JarsRepository\org\springframework\spring-aop\4.1.7.RELEASE\spring-aop-4.1.7.RELEASE.jar;D:\javaTool\JarsRepository\aopalliance\aopalliance\1.0\aopalliance-1.0.jar;D:\javaTool\JarsRepository\org\springframework\spring-context-support\4.1.7.RELEASE\spring-context-support-4.1.7.RELEASE.jar;D:\javaTool\JarsRepository\commons-dbcp\commons-dbcp\1.4\commons-dbcp-1.4.jar;D:\javaTool\JarsRepository\commons-pool\commons-pool\1.5.4\commons-pool-1.5.4.jar;D:\javaTool\JarsRepository\cglib\cglib\3.2.5\cglib-3.2.5.jar;D:\javaTool\JarsRepository\org\ow2\asm\asm\5.2\asm-5.2.jar;D:\javaTool\JarsRepository\org\apache\ant\ant\1.9.6\ant-1.9.6.jar;D:\javaTool\JarsRepository\org\apache\ant\ant-launcher\1.9.6\ant-launcher-1.9.6.jar;D:\javaTool\JarsRepository\org\aspectj\aspectjweaver\1.6.12\aspectjweaver-1.6.12.jar;D:\javaTool\JarsRepository\org\springframework\spring-oxm\4.1.7.RELEASE\spring-oxm-4.1.7.RELEASE.jar;D:\javaTool\JarsRepository\org\springframework\spring-tx\4.1.7.RELEASE\spring-tx-4.1.7.RELEASE.jar;D:\javaTool\JarsRepository\jstl\jstl\1.2\jstl-1.2.jar;D:\javaTool\JarsRepository\org\mybatis\mybatis-spring\1.2.0\mybatis-spring-1.2.0.jar;D:\javaTool\JarsRepository\org\slf4j\jcl-over-slf4j\1.7.12\jcl-over-slf4j-1.7.12.jar;D:\javaTool\JarsRepository\commons-codec\commons-codec\1.4\commons-codec-1.4.jar;D:\javaTool\JarsRepository\org\springframework\spring-orm\4.1.7.RELEASE\spring-orm-4.1.7.RELEASE.jar;D:\javaTool\JarsRepository\org\springframework\spring-jdbc\4.1.7.RELEASE\spring-jdbc-4.1.7.RELEASE.jar;D:\javaTool\JarsRepository\org\springframework\spring-jms\4.1.7.RELEASE\spring-jms-4.1.7.RELEASE.jar;D:\javaTool\JarsRepository\org\springframework\spring-messaging\4.1.7.RELEASE\spring-messaging-4.1.7.RELEASE.jar;D:\javaTool\JarsRepository\org\slf4j\slf4j-api\1.7.12\slf4j-api-1.7.12.jar;D:\javaTool\JarsRepository\org\springframework\spring-expression\4.1.7.RELEASE\spring-expression-4.1.7.RELEASE.jar;D:\javaTool\JarsRepository\org\springframework\spring-webmvc\4.1.7.RELEASE\spring-webmvc-4.1.7.RELEASE.jar;D:\javaTool\JarsRepository\org\springframework\spring-web\4.1.7.RELEASE\spring-web-4.1.7.RELEASE.jar;D:\javaTool\JarsRepository\org\springframework\spring-beans\4.1.7.RELEASE\spring-beans-4.1.7.RELEASE.jar;D:\javaTool\JarsRepository\mysql\mysql-connector-java\5.1.18\mysql-connector-java-5.1.18.jar;D:\javaTool\JarsRepository\org\slf4j\slf4j-log4j12\1.7.12\slf4j-log4j12-1.7.12.jar;D:\javaTool\JarsRepository\log4j\log4j\1.2.17\log4j-1.2.17.jar;D:\javaTool\JarsRepository\org\springframework\spring-core\4.1.7.RELEASE\spring-core-4.1.7.RELEASE.jar;D:\javaTool\JarsRepository\org\mybatis\mybatis\3.2.2\mybatis-3.2.2.jar;D:\javaTool\JarsRepository\redis\clients\jedis\2.9.0\jedis-2.9.0.jar;D:\javaTool\JarsRepository\org\apache\commons\commons-pool2\2.4.2\commons-pool2-2.4.2.jar;D:\javaTool\JarsRepository\com\google\guava\guava\19.0\guava-19.0.jar;D:\javaTool\JarsRepository\org\freemarker\freemarker\2.3.23\freemarker-2.3.23.jar;D:\javaTool\JarsRepository\org\mapstruct\mapstruct-jdk8\1.1.0.Final\mapstruct-jdk8-1.1.0.Final.jar;D:\javaTool\JarsRepository\com\fasterxml\jackson\core\jackson-core\2.8.7\jackson-core-2.8.7.jar;D:\javaTool\JarsRepository\cz\mallat\uasparser\uasparser\0.6.1\uasparser-0.6.1.jar;D:\javaTool\JarsRepository\net\sourceforge\jregex\jregex\1.2_01\jregex-1.2_01.jar;D:\javaTool\JarsRepository\com\fasterxml\jackson\core\jackson-databind\2.8.7\jackson-databind-2.8.7.jar;D:\javaTool\JarsRepository\com\fasterxml\jackson\core\jackson-annotations\2.8.7\jackson-annotations-2.8.7.jar;D:\javaTool\JarsRepository\com\cloopen\java-sms-sdk\1.0.3\java-sms-sdk-1.0.3.jar;D:\javaTool\JarsRepository\com\google\code\gson\gson\2.8.6\gson-2.8.6.jar;D:\javaTool\JarsRepository\dom4j\dom4j\1.6.1\dom4j-1.6.1.jar;D:\javaTool\JarsRepository\xml-apis\xml-apis\1.0.b2\xml-apis-1.0.b2.jar;D:\javaTool\JarsRepository\org\projectlombok\lombok\1.18.10\lombok-1.18.10.jar;D:\javaTool\JarsRepository\org\apache\httpcomponents\httpclient\4.5.10\httpclient-4.5.10.jar;D:\javaTool\JarsRepository\org\apache\httpcomponents\httpcore\4.4.12\httpcore-4.4.12.jar;D:\javaTool\JarsRepository\javax\activation\activation\1.1\activation-1.1.jar;D:\javaTool\JarsRepository\javax\mail\mail\1.4.5\mail-1.4.5.jar;D:\javaTool\JarsRepository\org\apache\commons\commons-email\1.5\commons-email-1.5.jar;D:\javaTool\JarsRepository\com\sun\mail\javax.mail\1.5.6\javax.mail-1.5.6.jar;D:\javaTool\JarsRepository\javax\servlet\servlet-api\2.5\servlet-api-2.5.jar;"/>
    <property name="sun.cpu.endian" value="little"/>
    <property name="user.home" value="C:\Users\xmpc"/>
    <property name="user.language" value="zh"/>
    <property name="java.specification.vendor" value="Oracle Corporation"/>
    <property name="java.home" value="D:\javaTool\java8\jre"/>
    <property name="basedir" value="D:\IdeaWorkSpace\itrip\itripauth"/>
    <property name="file.separator" value="\"/>
    <property name="line.separator" value="&#10;"/>
    <property name="idea.version2019.2.4" value="true"/>
    <property name="java.vm.specification.vendor" value="Oracle Corporation"/>
    <property name="java.specification.name" value="Java Platform API Specification"/>
    <property name="java.awt.graphicsenv" value="sun.awt.Win32GraphicsEnvironment"/>
    <property name="surefire.real.class.path" value="C:\Users\xmpc\AppData\Local\Temp\surefire1025819316002966422\surefirebooter3128042440535705119.jar"/>
    <property name="sun.boot.class.path" value="D:\javaTool\java8\jre\lib\resources.jar;D:\javaTool\java8\jre\lib\rt.jar;D:\javaTool\java8\jre\lib\sunrsasign.jar;D:\javaTool\java8\jre\lib\jsse.jar;D:\javaTool\java8\jre\lib\jce.jar;D:\javaTool\java8\jre\lib\charsets.jar;D:\javaTool\java8\jre\lib\jfr.jar;D:\javaTool\java8\jre\classes"/>
    <property name="user.script" value=""/>
    <property name="sun.management.compiler" value="HotSpot 64-Bit Tiered Compilers"/>
    <property name="java.runtime.version" value="1.8.0_271-b09"/>
    <property name="user.name" value="xmpc"/>
    <property name="path.separator" value=";"/>
    <property name="os.version" value="10.0"/>
    <property name="java.endorsed.dirs" value="D:\javaTool\java8\jre\lib\endorsed"/>
    <property name="java.runtime.name" value="Java(TM) SE Runtime Environment"/>
    <property name="file.encoding" value="GBK"/>
    <property name="java.vm.name" value="Java HotSpot(TM) 64-Bit Server VM"/>
    <property name="localRepository" value="D:\javaTool\JarsRepository"/>
    <property name="java.vendor.url.bug" value="http://bugreport.sun.com/bugreport/"/>
    <property name="java.io.tmpdir" value="C:\Users\xmpc\AppData\Local\Temp\"/>
    <property name="java.version" value="1.8.0_271"/>
    <property name="user.dir" value="D:\IdeaWorkSpace\itrip\itripauth"/>
    <property name="os.arch" value="amd64"/>
    <property name="java.vm.specification.name" value="Java Virtual Machine Specification"/>
    <property name="java.awt.printerjob" value="sun.awt.windows.WPrinterJob"/>
    <property name="sun.os.patch.level" value=""/>
    <property name="java.library.path" value="D:\javaTool\java8\jre\bin;C:\WINDOWS\Sun\Java\bin;C:\WINDOWS\system32;C:\WINDOWS;C:\Program Files (x86)\Common Files\Oracle\Java\javapath;C:\ProgramData\Oracle\Java\javapath;C:\Program Files (x86)\Intel\iCLS Client\;C:\Program Files\Intel\iCLS Client\;C:\Windows\system32;C:\Windows;C:\Windows\System32\Wbem;C:\Windows\System32\WindowsPowerShell\v1.0\;C:\Program Files (x86)\NVIDIA Corporation\PhysX\Common;C:\WINDOWS\system32;C:\WINDOWS;C:\WINDOWS\System32\Wbem;C:\WINDOWS\System32\WindowsPowerShell\v1.0\;C:\Program Files (x86)\Intel\Intel(R) Management Engine Components\DAL;C:\Program Files\Intel\Intel(R) Management Engine Components\DAL;C:\Program Files (x86)\Intel\Intel(R) Management Engine Components\IPT;C:\Program Files\Intel\Intel(R) Management Engine Components\IPT;C:\WINDOWS\System32\OpenSSH\;c:\Program Files (x86)\Microsoft SQL Server\100\Tools\Binn\;c:\Program Files\Microsoft SQL Server\100\Tools\Binn\;c:\Program Files\Microsoft SQL Server\100\DTS\Binn\;C:\Program Files (x86)\Common Files\Thunder Network\KanKan\Codecs;D:\Git\cmd;C:\Program Files\Intel\WiFi\bin\;C:\Program Files\Common Files\Intel\WirelessCommon\;D:\SPSS\JRE\bin\;D:\Java\bin;D:\myeclipse8.6\jre1.8.0_261\bin;D:\MyEclipse10APP;D:\MySQL\bin;D:\javaTool\java8\bin;D:\javaTool\java8\jre\bin;D:\java工具包\mysql5.5\bin;D:\javaTool\apache-maven-3.6.3\bin;D:\javaTool\bin;C:\Users\xmpc\AppData\Local\Microsoft\WindowsApps;D:\myeclipse8.6\bin;D:\myeclipse8.6\jre1.8.0_261\bin;D:\MySQL\bin;D:\javaTool\java8\bin;D:\javaTool\java8\jre\bin;;."/>
    <property name="java.vm.info" value="mixed mode"/>
    <property name="java.vendor" value="Oracle Corporation"/>
    <property name="java.vm.version" value="25.271-b09"/>
    <property name="java.ext.dirs" value="D:\javaTool\java8\jre\lib\ext;C:\WINDOWS\Sun\Java\lib\ext"/>
    <property name="sun.io.unicode.encoding" value="UnicodeLittle"/>
    <property name="java.class.version" value="52.0"/>
  </properties>
  <testcase name="go" classname="Test" time="0.003"/>
  <testcase name="go2" classname="Test" time="0"/>
</testsuite>